<?xml version="1.0" encoding="UTF-8"?>
<!-- Generated by org.testng.reporters.JUnitXMLReporter -->
<testsuite ignored="0" hostname="NDI-LAP-634" failures="2" tests="3" name="Default test(failed)" time="24.441" errors="0" timestamp="2022-01-11T18:47:47 IST">
  <testcase classname="home.mainPageTest" name="initImpl" time="0.4"/>
  <testcase classname="home.mainPageTest" name="testcase2" time="0.02">
    <failure type="java.lang.NullPointerException">
      <![CDATA[java.lang.NullPointerException
at autmationpractive.actions.coreActions.enterText(coreActions.java:40)
at autmationpractive.actions.HomePageImpl.writeInSerach(HomePageImpl.java:44)
at home.mainPageTest.testcase2(mainPageTest.java:62)
at java.base/java.util.ArrayList.forEach(ArrayList.java:1541)
... Removed 27 stack frames]]>
    </failure>
  </testcase> <!-- testcase2 -->
  <testcase classname="home.mainPageTest" name="testcase1" time="0.041">
    <failure type="java.lang.NullPointerException">
      <![CDATA[java.lang.NullPointerException
at autmationpractive.actions.coreActions.click(coreActions.java:32)
at autmationpractive.actions.HomePageImpl.openContact(HomePageImpl.java:26)
at home.mainPageTest.testcase1(mainPageTest.java:42)
at java.base/java.util.ArrayList.forEach(ArrayList.java:1541)
... Removed 27 stack frames]]>
    </failure>
  </testcase> <!-- testcase1 -->
</testsuite> <!-- Default test(failed) -->
