<?xml version="1.0" encoding="UTF-8"?>
<!-- Generated by org.testng.reporters.JUnitXMLReporter -->
<testsuite ignored="0" hostname="NDI-LAP-634" failures="3" tests="5" name="Surefire test" time="34.375" errors="0" timestamp="2022-02-03T10:01:17 IST">
  <testcase classname="TestCase.contactPageTest" name="testcase1" time="0.432">
    <failure type="java.lang.NullPointerException">
      <![CDATA[java.lang.NullPointerException
at TestCase.contactPageTest.testcase1(contactPageTest.java:29)
at java.base/java.util.ArrayList.forEach(ArrayList.java:1541)
... Removed 32 stack frames]]>
    </failure>
  </testcase> <!-- testcase1 -->
  <testcase classname="TestCase.contactPageTest" name="testcase2" time="0.004">
    <failure type="java.lang.NullPointerException">
      <![CDATA[java.lang.NullPointerException
at TestCase.contactPageTest.testcase2(contactPageTest.java:49)
at java.base/java.util.ArrayList.forEach(ArrayList.java:1541)
... Removed 32 stack frames]]>
    </failure>
  </testcase> <!-- testcase2 -->
  <testcase classname="TestCase.homePageTest" name="testcase3" time="0.021">
    <failure type="java.lang.NullPointerException">
      <![CDATA[java.lang.NullPointerException
at TestCase.homePageTest.testcase3(homePageTest.java:71)
at java.base/java.util.ArrayList.forEach(ArrayList.java:1541)
... Removed 32 stack frames]]>
    </failure>
  </testcase> <!-- testcase3 -->
  <testcase classname="TestCase.sauceDemoPageTest" name="initImpl" time="0.054"/>
  <testcase classname="TestCase.sauceDemoPageTest" name="testcase4" time="1.105"/>
</testsuite> <!-- Surefire test -->
