<?xml version="1.0" encoding="UTF-8"?>
<!-- Generated by org.testng.reporters.JUnitXMLReporter -->
<testsuite ignored="0" hostname="NDI-LAP-634" failures="1" tests="3" name="Test" time="16.431" errors="0" timestamp="2022-02-03T10:10:07 IST">
  <testcase classname="TestCase.homePageTest" name="testcase3" time="0.387">
    <failure type="java.lang.NullPointerException">
      <![CDATA[java.lang.NullPointerException
at TestCase.homePageTest.testcase3(homePageTest.java:71)
at java.base/java.util.ArrayList.forEach(ArrayList.java:1541)
... Removed 27 stack frames]]>
    </failure>
  </testcase> <!-- testcase3 -->
  <testcase classname="TestCase.sauceDemoPageTest" name="initImpl" time="0.048"/>
  <testcase classname="TestCase.sauceDemoPageTest" name="testcase4" time="1.188"/>
</testsuite> <!-- Test -->
