<?xml version="1.0" encoding="UTF-8"?>
<testsuite xmlns:xsi="http://www.w3.org/2001/XMLSchema-instance" xsi:noNamespaceSchemaLocation="https://maven.apache.org/surefire/maven-surefire-plugin/xsd/surefire-test-report-3.0.xsd" version="3.0" name="TestSuite" time="36.812" tests="5" errors="0" skipped="0" failures="3">
  <properties>
[...]
</properties>
  <testcase name="testcase1" classname="TestCase.contactPageTest" time="0.202">
    <failure type="java.lang.NullPointerException"><![CDATA[java.lang.NullPointerException
	at TestCase.contactPageTest.testcase1(contactPageTest.java:29)
]]></failure>
    <system-out><![CDATA[Configuring TestNG with: TestNG60Configurator
[[Step Logger]] --- testcase1 [failed]
]]></system-out>
    <system-err><![CDATA[SLF4J: Failed to load class "org.slf4j.impl.StaticLoggerBinder".
SLF4J: Defaulting to no-operation (NOP) logger implementation
SLF4J: See http://www.slf4j.org/codes.html#StaticLoggerBinder for further details.
]]></system-err>
  </testcase>
  <testcase name="testcase2" classname="TestCase.contactPageTest" time="0.01">
    <failure type="java.lang.NullPointerException"><![CDATA[java.lang.NullPointerException
	at TestCase.contactPageTest.testcase2(contactPageTest.java:49)
]]></failure>
    <system-out><![CDATA[[[Step Logger]] --- testcase2 [failed]
]]></system-out>
  </testcase>
  <testcase name="testcase3" classname="TestCase.homePageTest" time="0.009">
    <failure type="java.lang.NullPointerException"><![CDATA[java.lang.NullPointerException
	at TestCase.homePageTest.testcase3(homePageTest.java:71)
]]></failure>
    <system-out><![CDATA[[[Step Logger]] --- open the contact form
[[Step Logger]] --- testcase3 [failed]
]]></system-out>
    <system-err><![CDATA[Starting ChromeDriver 96.0.4664.45 (76e4c1bb2ab4671b8beba3444e61c0f17584b2fc-refs/branch-heads/4664@{#947}) on port 13493
Only local connections are allowed.
Please see https://chromedriver.chromium.org/security-considerations for suggestions on keeping ChromeDriver safe.
ChromeDriver was started successfully.
[1643862646.793][WARNING]: This version of ChromeDriver has not been tested with Chrome version 97.
Feb 03, 2022 10:00:47 AM org.openqa.selenium.remote.ProtocolHandshake createSession
INFO: Detected dialect: W3C
]]></system-err>
  </testcase>
  <testcase name="initImpl" classname="TestCase.sauceDemoPageTest" time="0.031"/>
  <testcase name="testcase4" classname="TestCase.sauceDemoPageTest" time="1.11"/>
</testsuite>