<?xml version="1.0" encoding="UTF-8"?>
<testng-results ignored="0" total="3" passed="2" failed="1" skipped="0">
  <reporter-output>
  </reporter-output>
  <suite started-at="2022-02-03T10:09:50 IST" name="Suite" finished-at="2022-02-03T10:10:07 IST" duration-ms="16431">
    <groups>
    </groups>
    <test started-at="2022-02-03T10:09:50 IST" name="Test" finished-at="2022-02-03T10:10:07 IST" duration-ms="16431">
      <class name="TestCase.sauceDemoPageTest">
        <test-method is-config="true" signature="openBrowser()[pri:0, instance:TestCase.sauceDemoPageTest@2ba33e2c]" started-at="2022-02-03T10:09:57 IST" name="openBrowser" finished-at="2022-02-03T10:10:05 IST" duration-ms="7733" status="PASS">
          <reporter-output>
          </reporter-output>
        </test-method> <!-- openBrowser -->
        <test-method signature="initImpl()[pri:0, instance:TestCase.sauceDemoPageTest@2ba33e2c]" started-at="2022-02-03T10:10:05 IST" name="initImpl" description="creating impl objects before class" finished-at="2022-02-03T10:10:05 IST" duration-ms="48" status="PASS">
          <reporter-output>
          </reporter-output>
        </test-method> <!-- initImpl -->
        <test-method signature="testcase4()[pri:0, instance:TestCase.sauceDemoPageTest@2ba33e2c]" started-at="2022-02-03T10:10:05 IST" name="testcase4" description="test the https://www.saucedemo.com/ website" finished-at="2022-02-03T10:10:06 IST" depends-on-methods="TestCase.sauceDemoPageTest.initImpl" duration-ms="1188" status="PASS">
          <reporter-output>
          </reporter-output>
        </test-method> <!-- testcase4 -->
        <test-method is-config="true" signature="close()[pri:0, instance:TestCase.sauceDemoPageTest@2ba33e2c]" started-at="2022-02-03T10:10:06 IST" name="close" finished-at="2022-02-03T10:10:07 IST" duration-ms="664" status="PASS">
          <reporter-output>
          </reporter-output>
        </test-method> <!-- close -->
      </class> <!-- TestCase.sauceDemoPageTest -->
      <class name="TestCase.homePageTest">
        <test-method is-config="true" signature="openBrowser()[pri:0, instance:TestCase.homePageTest@2bc9a775]" started-at="2022-02-03T10:09:50 IST" name="openBrowser" finished-at="2022-02-03T10:09:56 IST" duration-ms="5427" status="PASS">
          <reporter-output>
          </reporter-output>
        </test-method> <!-- openBrowser -->
        <test-method signature="testcase3()[pri:0, instance:TestCase.homePageTest@2bc9a775]" started-at="2022-02-03T10:09:56 IST" name="testcase3" finished-at="2022-02-03T10:09:56 IST" duration-ms="387" status="FAIL">
          <exception class="java.lang.NullPointerException">
            <full-stacktrace>
              <![CDATA[java.lang.NullPointerException
at TestCase.homePageTest.testcase3(homePageTest.java:71)
at java.base/jdk.internal.reflect.NativeMethodAccessorImpl.invoke0(Native Method)
at java.base/jdk.internal.reflect.NativeMethodAccessorImpl.invoke(NativeMethodAccessorImpl.java:62)
at java.base/jdk.internal.reflect.DelegatingMethodAccessorImpl.invoke(DelegatingMethodAccessorImpl.java:43)
at java.base/java.lang.reflect.Method.invoke(Method.java:566)
at org.testng.internal.MethodInvocationHelper.invokeMethod(MethodInvocationHelper.java:133)
at org.testng.internal.TestInvoker.invokeMethod(TestInvoker.java:598)
at org.testng.internal.TestInvoker.invokeTestMethod(TestInvoker.java:173)
at org.testng.internal.MethodRunner.runInSequence(MethodRunner.java:46)
at org.testng.internal.TestInvoker$MethodInvocationAgent.invoke(TestInvoker.java:824)
at org.testng.internal.TestInvoker.invokeTestMethods(TestInvoker.java:146)
at org.testng.internal.TestMethodWorker.invokeTestMethods(TestMethodWorker.java:146)
at org.testng.internal.TestMethodWorker.run(TestMethodWorker.java:128)
at java.base/java.util.ArrayList.forEach(ArrayList.java:1541)
at org.testng.TestRunner.privateRun(TestRunner.java:794)
at org.testng.TestRunner.run(TestRunner.java:596)
at org.testng.SuiteRunner.runTest(SuiteRunner.java:377)
at org.testng.SuiteRunner.runSequentially(SuiteRunner.java:371)
at org.testng.SuiteRunner.privateRun(SuiteRunner.java:332)
at org.testng.SuiteRunner.run(SuiteRunner.java:276)
at org.testng.SuiteRunnerWorker.runSuite(SuiteRunnerWorker.java:53)
at org.testng.SuiteRunnerWorker.run(SuiteRunnerWorker.java:96)
at org.testng.TestNG.runSuitesSequentially(TestNG.java:1212)
at org.testng.TestNG.runSuitesLocally(TestNG.java:1134)
at org.testng.TestNG.runSuites(TestNG.java:1063)
at org.testng.TestNG.run(TestNG.java:1031)
at org.testng.remote.AbstractRemoteTestNG.run(AbstractRemoteTestNG.java:115)
at org.testng.remote.RemoteTestNG.initAndRun(RemoteTestNG.java:251)
at org.testng.remote.RemoteTestNG.main(RemoteTestNG.java:77)
]]>
            </full-stacktrace>
          </exception> <!-- java.lang.NullPointerException -->
          <reporter-output>
          </reporter-output>
        </test-method> <!-- testcase3 -->
        <test-method is-config="true" signature="close()[pri:0, instance:TestCase.homePageTest@2bc9a775]" started-at="2022-02-03T10:09:57 IST" name="close" finished-at="2022-02-03T10:09:57 IST" duration-ms="690" status="PASS">
          <reporter-output>
          </reporter-output>
        </test-method> <!-- close -->
      </class> <!-- TestCase.homePageTest -->
    </test> <!-- Test -->
  </suite> <!-- Suite -->
</testng-results>
